This is pdfTeX, Version 3.14159265-2.6-1.40.19 (TeX Live 2019/dev/Debian) (preloaded format=pdflatex 2020.1.21)  12 FEB 2024 13:42
entering extended mode
 restricted \write18 enabled.
 %&-line parsing enabled.
**./ms.tex --file-line-error
(./ms.tex
LaTeX2e <2018-04-01> patch level 5
(./GuariniThesis.cls
Document Class: GuariniThesis 2023/12/05 My custom thesis class
(/usr/share/texlive/texmf-dist/tex/latex/base/book.cls
Document Class: book 2014/09/29 v1.4h Standard LaTeX document class
(/usr/share/texlive/texmf-dist/tex/latex/base/bk10.clo
File: bk10.clo 2014/09/29 v1.4h Standard LaTeX file (size option)
)
\c@part=\count80
\c@chapter=\count81
\c@section=\count82
\c@subsection=\count83
\c@subsubsection=\count84
\c@paragraph=\count85
\c@subparagraph=\count86
\c@figure=\count87
\c@table=\count88
\abovecaptionskip=\skip41
\belowcaptionskip=\skip42
\bibindent=\dimen102
)
(/usr/share/texlive/texmf-dist/tex/latex/graphics/graphicx.sty
Package: graphicx 2017/06/01 v1.1a Enhanced LaTeX Graphics (DPC,SPQR)

(/usr/share/texlive/texmf-dist/tex/latex/graphics/keyval.sty
Package: keyval 2014/10/28 v1.15 key=value parser (DPC)
\KV@toks@=\toks14
)
(/usr/share/texlive/texmf-dist/tex/latex/graphics/graphics.sty
Package: graphics 2017/06/25 v1.2c Standard LaTeX Graphics (DPC,SPQR)

(/usr/share/texlive/texmf-dist/tex/latex/graphics/trig.sty
Package: trig 2016/01/03 v1.10 sin cos tan (DPC)
)
(/usr/share/texlive/texmf-dist/tex/latex/graphics-cfg/graphics.cfg
File: graphics.cfg 2016/06/04 v1.11 sample graphics configuration
)
Package graphics Info: Driver file: pdftex.def on input line 99.

(/usr/share/texlive/texmf-dist/tex/latex/graphics-def/pdftex.def
File: pdftex.def 2018/01/08 v1.0l Graphics/color driver for pdftex
))
\Gin@req@height=\dimen103
\Gin@req@width=\dimen104
)
(/usr/share/texlive/texmf-dist/tex/latex/setspace/setspace.sty
Package: setspace 2011/12/19 v6.7a set line spacing
)
(/usr/share/texlive/texmf-dist/tex/latex/geometry/geometry.sty
Package: geometry 2018/04/16 v5.8 Page Geometry

(/usr/share/texlive/texmf-dist/tex/generic/oberdiek/ifpdf.sty
Package: ifpdf 2017/03/15 v3.2 Provides the ifpdf switch
)
(/usr/share/texlive/texmf-dist/tex/generic/oberdiek/ifvtex.sty
Package: ifvtex 2016/05/16 v1.6 Detect VTeX and its facilities (HO)
Package ifvtex Info: VTeX not detected.
)
(/usr/share/texlive/texmf-dist/tex/generic/ifxetex/ifxetex.sty
Package: ifxetex 2010/09/12 v0.6 Provides ifxetex conditional
)
\Gm@cnth=\count89
\Gm@cntv=\count90
\c@Gm@tempcnt=\count91
\Gm@bindingoffset=\dimen105
\Gm@wd@mp=\dimen106
\Gm@odd@mp=\dimen107
\Gm@even@mp=\dimen108
\Gm@layoutwidth=\dimen109
\Gm@layoutheight=\dimen110
\Gm@layouthoffset=\dimen111
\Gm@layoutvoffset=\dimen112
\Gm@dimlist=\toks15
)
(/usr/share/texlive/texmf-dist/tex/latex/xcolor/xcolor.sty
Package: xcolor 2016/05/11 v2.12 LaTeX color extensions (UK)

(/usr/share/texlive/texmf-dist/tex/latex/graphics-cfg/color.cfg
File: color.cfg 2016/01/02 v1.6 sample color configuration
)
Package xcolor Info: Driver file: pdftex.def on input line 225.
Package xcolor Info: Model `cmy' substituted by `cmy0' on input line 1348.
Package xcolor Info: Model `hsb' substituted by `rgb' on input line 1352.
Package xcolor Info: Model `RGB' extended on input line 1364.
Package xcolor Info: Model `HTML' substituted by `rgb' on input line 1366.
Package xcolor Info: Model `Hsb' substituted by `hsb' on input line 1367.
Package xcolor Info: Model `tHsb' substituted by `hsb' on input line 1368.
Package xcolor Info: Model `HSB' substituted by `hsb' on input line 1369.
Package xcolor Info: Model `Gray' substituted by `gray' on input line 1370.
Package xcolor Info: Model `wave' substituted by `hsb' on input line 1371.
)
(/usr/share/texlive/texmf-dist/tex/latex/tools/calc.sty
Package: calc 2017/05/25 v4.3 Infix arithmetic (KKT,FJ)
\calc@Acount=\count92
\calc@Bcount=\count93
\calc@Adimen=\dimen113
\calc@Bdimen=\dimen114
\calc@Askip=\skip43
\calc@Bskip=\skip44
LaTeX Info: Redefining \setlength on input line 80.
LaTeX Info: Redefining \addtolength on input line 81.
\calc@Ccount=\count94
\calc@Cskip=\skip45
)
(/usr/share/texlive/texmf-dist/tex/latex/titlesec/titlesec.sty
Package: titlesec 2016/03/21 v2.10.2 Sectioning titles
\ttl@box=\box26
\beforetitleunit=\skip46
\aftertitleunit=\skip47
\ttl@plus=\dimen115
\ttl@minus=\dimen116
\ttl@toksa=\toks16
\titlewidth=\dimen117
\titlewidthlast=\dimen118
\titlewidthfirst=\dimen119
)
(/usr/share/texlive/texmf-dist/tex/latex/natbib/natbib.sty
Package: natbib 2010/09/13 8.31b (PWD, AO)
\bibhang=\skip48
\bibsep=\skip49
LaTeX Info: Redefining \cite on input line 694.
\c@NAT@ctr=\count95
)
(/usr/share/texlive/texmf-dist/tex/latex/amsmath/amsmath.sty
Package: amsmath 2017/09/02 v2.17a AMS math features
\@mathmargin=\skip50

For additional information on amsmath, use the `?' option.
(/usr/share/texlive/texmf-dist/tex/latex/amsmath/amstext.sty
Package: amstext 2000/06/29 v2.01 AMS text

(/usr/share/texlive/texmf-dist/tex/latex/amsmath/amsgen.sty
File: amsgen.sty 1999/11/30 v2.0 generic functions
\@emptytoks=\toks17
\ex@=\dimen120
))
(/usr/share/texlive/texmf-dist/tex/latex/amsmath/amsbsy.sty
Package: amsbsy 1999/11/29 v1.2d Bold Symbols
\pmbraise@=\dimen121
)
(/usr/share/texlive/texmf-dist/tex/latex/amsmath/amsopn.sty
Package: amsopn 2016/03/08 v2.02 operator names
)
\inf@bad=\count96
LaTeX Info: Redefining \frac on input line 213.
\uproot@=\count97
\leftroot@=\count98
LaTeX Info: Redefining \overline on input line 375.
\classnum@=\count99
\DOTSCASE@=\count100
LaTeX Info: Redefining \ldots on input line 472.
LaTeX Info: Redefining \dots on input line 475.
LaTeX Info: Redefining \cdots on input line 596.
\Mathstrutbox@=\box27
\strutbox@=\box28
\big@size=\dimen122
LaTeX Font Info:    Redeclaring font encoding OML on input line 712.
LaTeX Font Info:    Redeclaring font encoding OMS on input line 713.
\macc@depth=\count101
\c@MaxMatrixCols=\count102
\dotsspace@=\muskip10
\c@parentequation=\count103
\dspbrk@lvl=\count104
\tag@help=\toks18
\row@=\count105
\column@=\count106
\maxfields@=\count107
\andhelp@=\toks19
\eqnshift@=\dimen123
\alignsep@=\dimen124
\tagshift@=\dimen125
\tagwidth@=\dimen126
\totwidth@=\dimen127
\lineht@=\dimen128
\@envbody=\toks20
\multlinegap=\skip51
\multlinetaggap=\skip52
\mathdisplay@stack=\toks21
LaTeX Info: Redefining \[ on input line 2817.
LaTeX Info: Redefining \] on input line 2818.
)
(/usr/share/texlive/texmf-dist/tex/latex/amsfonts/amssymb.sty
Package: amssymb 2013/01/14 v3.01 AMS font symbols

(/usr/share/texlive/texmf-dist/tex/latex/amsfonts/amsfonts.sty
Package: amsfonts 2013/01/14 v3.01 Basic AMSFonts support
\symAMSa=\mathgroup4
\symAMSb=\mathgroup5
LaTeX Font Info:    Overwriting math alphabet `\mathfrak' in version `bold'
(Font)                  U/euf/m/n --> U/euf/b/n on input line 106.
))
(/usr/share/texlive/texmf-dist/tex/latex/hyperref/hyperref.sty
Package: hyperref 2018/02/06 v6.86b Hypertext links for LaTeX

(/usr/share/texlive/texmf-dist/tex/generic/oberdiek/hobsub-hyperref.sty
Package: hobsub-hyperref 2016/05/16 v1.14 Bundle oberdiek, subset hyperref (HO)


(/usr/share/texlive/texmf-dist/tex/generic/oberdiek/hobsub-generic.sty
Package: hobsub-generic 2016/05/16 v1.14 Bundle oberdiek, subset generic (HO)
Package: hobsub 2016/05/16 v1.14 Construct package bundles (HO)
Package: infwarerr 2016/05/16 v1.4 Providing info/warning/error messages (HO)
Package: ltxcmds 2016/05/16 v1.23 LaTeX kernel commands for general use (HO)
Package: ifluatex 2016/05/16 v1.4 Provides the ifluatex switch (HO)
Package ifluatex Info: LuaTeX not detected.
Package hobsub Info: Skipping package `ifvtex' (already loaded).
Package: intcalc 2016/05/16 v1.2 Expandable calculations with integers (HO)
Package hobsub Info: Skipping package `ifpdf' (already loaded).
Package: etexcmds 2016/05/16 v1.6 Avoid name clashes with e-TeX commands (HO)
Package: kvsetkeys 2016/05/16 v1.17 Key value parser (HO)
Package: kvdefinekeys 2016/05/16 v1.4 Define keys (HO)
Package: pdftexcmds 2018/01/30 v0.27 Utility functions of pdfTeX for LuaTeX (HO
)
Package pdftexcmds Info: LuaTeX not detected.
Package pdftexcmds Info: \pdf@primitive is available.
Package pdftexcmds Info: \pdf@ifprimitive is available.
Package pdftexcmds Info: \pdfdraftmode found.
Package: pdfescape 2016/05/16 v1.14 Implements pdfTeX's escape features (HO)
Package: bigintcalc 2016/05/16 v1.4 Expandable calculations on big integers (HO
)
Package: bitset 2016/05/16 v1.2 Handle bit-vector datatype (HO)
Package: uniquecounter 2016/05/16 v1.3 Provide unlimited unique counter (HO)
)
Package hobsub Info: Skipping package `hobsub' (already loaded).
Package: letltxmacro 2016/05/16 v1.5 Let assignment for LaTeX macros (HO)
Package: hopatch 2016/05/16 v1.3 Wrapper for package hooks (HO)
Package: xcolor-patch 2016/05/16 xcolor patch
Package: atveryend 2016/05/16 v1.9 Hooks at the very end of document (HO)
Package atveryend Info: \enddocument detected (standard20110627).
Package: atbegshi 2016/06/09 v1.18 At begin shipout hook (HO)
Package: refcount 2016/05/16 v3.5 Data extraction from label references (HO)
Package: hycolor 2016/05/16 v1.8 Color options for hyperref/bookmark (HO)
)
(/usr/share/texlive/texmf-dist/tex/latex/oberdiek/auxhook.sty
Package: auxhook 2016/05/16 v1.4 Hooks for auxiliary files (HO)
)
(/usr/share/texlive/texmf-dist/tex/latex/oberdiek/kvoptions.sty
Package: kvoptions 2016/05/16 v3.12 Key value format for package options (HO)
)
\@linkdim=\dimen129
\Hy@linkcounter=\count108
\Hy@pagecounter=\count109

(/usr/share/texlive/texmf-dist/tex/latex/hyperref/pd1enc.def
File: pd1enc.def 2018/02/06 v6.86b Hyperref: PDFDocEncoding definition (HO)
Now handling font encoding PD1 ...
... no UTF-8 mapping file for font encoding PD1
)
\Hy@SavedSpaceFactor=\count110

(/usr/share/texlive/texmf-dist/tex/latex/latexconfig/hyperref.cfg
File: hyperref.cfg 2002/06/06 v1.2 hyperref configuration of TeXLive
)
Package hyperref Info: Hyper figures OFF on input line 4509.
Package hyperref Info: Link nesting OFF on input line 4514.
Package hyperref Info: Hyper index ON on input line 4517.
Package hyperref Info: Plain pages OFF on input line 4524.
Package hyperref Info: Backreferencing OFF on input line 4529.
Package hyperref Info: Implicit mode ON; LaTeX internals redefined.
Package hyperref Info: Bookmarks ON on input line 4762.
\c@Hy@tempcnt=\count111

(/usr/share/texlive/texmf-dist/tex/latex/url/url.sty
\Urlmuskip=\muskip11
Package: url 2013/09/16  ver 3.4  Verb mode for urls, etc.
)
LaTeX Info: Redefining \url on input line 5115.
\XeTeXLinkMargin=\dimen130
\Fld@menulength=\count112
\Field@Width=\dimen131
\Fld@charsize=\dimen132
Package hyperref Info: Hyper figures OFF on input line 6369.
Package hyperref Info: Link nesting OFF on input line 6374.
Package hyperref Info: Hyper index ON on input line 6377.
Package hyperref Info: backreferencing OFF on input line 6384.
Package hyperref Info: Link coloring OFF on input line 6389.
Package hyperref Info: Link coloring with OCG OFF on input line 6394.
Package hyperref Info: PDF/A mode OFF on input line 6399.
LaTeX Info: Redefining \ref on input line 6439.
LaTeX Info: Redefining \pageref on input line 6443.
\Hy@abspage=\count113
\c@Item=\count114
\c@Hfootnote=\count115
)
Package hyperref Info: Driver (autodetected): hpdftex.

(/usr/share/texlive/texmf-dist/tex/latex/hyperref/hpdftex.def
File: hpdftex.def 2018/02/06 v6.86b Hyperref driver for pdfTeX
\Fld@listcount=\count116
\c@bookmark@seq@number=\count117

(/usr/share/texlive/texmf-dist/tex/latex/oberdiek/rerunfilecheck.sty
Package: rerunfilecheck 2016/05/16 v1.8 Rerun checks for auxiliary files (HO)
Package uniquecounter Info: New unique counter `rerunfilecheck' on input line 2
82.
)
\Hy@SectionHShift=\skip53
)
Package hyperref Info: Option `colorlinks' set `true' on input line 22.
)
(./Thesis.aux

LaTeX Warning: Label `fig:BestFitResults' multiply defined.


LaTeX Warning: Label `tab:BestFitResults' multiply defined.


LaTeX Warning: Label `sec:results' multiply defined.


LaTeX Warning: Label `sec:opac' multiply defined.


LaTeX Warning: Label `sec:modeling' multiply defined.


LaTeX Warning: Label `sec:results' multiply defined.


LaTeX Warning: Label `sec:intro' multiply defined.


LaTeX Warning: Label `sec:results' multiply defined.


LaTeX Warning: Label `sec:modeling' multiply defined.


LaTeX Warning: Label `sec:conclusion' multiply defined.

)
\openout1 = `Thesis.aux'.

LaTeX Font Info:    Checking defaults for OML/cmm/m/it on input line 19.
LaTeX Font Info:    ... okay on input line 19.
LaTeX Font Info:    Checking defaults for T1/cmr/m/n on input line 19.
LaTeX Font Info:    ... okay on input line 19.
LaTeX Font Info:    Checking defaults for OT1/cmr/m/n on input line 19.
LaTeX Font Info:    ... okay on input line 19.
LaTeX Font Info:    Checking defaults for OMS/cmsy/m/n on input line 19.
LaTeX Font Info:    ... okay on input line 19.
LaTeX Font Info:    Checking defaults for OMX/cmex/m/n on input line 19.
LaTeX Font Info:    ... okay on input line 19.
LaTeX Font Info:    Checking defaults for U/cmr/m/n on input line 19.
LaTeX Font Info:    ... okay on input line 19.
LaTeX Font Info:    Checking defaults for PD1/pdf/m/n on input line 19.
LaTeX Font Info:    ... okay on input line 19.
 (/usr/share/texlive/texmf-dist/tex/context/base/mkii/supp-pdf.mkii
[Loading MPS to PDF converter (version 2006.09.02).]
\scratchcounter=\count118
\scratchdimen=\dimen133
\scratchbox=\box29
\nofMPsegments=\count119
\nofMParguments=\count120
\everyMPshowfont=\toks22
\MPscratchCnt=\count121
\MPscratchDim=\dimen134
\MPnumerator=\count122
\makeMPintoPDFobject=\count123
\everyMPtoPDFconversion=\toks23
) (/usr/share/texlive/texmf-dist/tex/latex/oberdiek/epstopdf-base.sty
Package: epstopdf-base 2016/05/15 v2.6 Base part for package epstopdf

(/usr/share/texlive/texmf-dist/tex/latex/oberdiek/grfext.sty
Package: grfext 2016/05/16 v1.2 Manage graphics extensions (HO)
)
Package epstopdf-base Info: Redefining graphics rule for `.eps' on input line 4
38.
Package grfext Info: Graphics extension search list:
(grfext)             [.pdf,.png,.jpg,.mps,.jpeg,.jbig2,.jb2,.PDF,.PNG,.JPG,.JPE
G,.JBIG2,.JB2,.eps]
(grfext)             \AppendGraphicsExtensions on input line 456.

(/usr/share/texlive/texmf-dist/tex/latex/latexconfig/epstopdf-sys.cfg
File: epstopdf-sys.cfg 2010/07/13 v1.3 Configuration of (r)epstopdf for TeX Liv
e
))
*geometry* driver: auto-detecting
*geometry* detected driver: pdftex
*geometry* verbose mode - [ preamble ] result:
* driver: pdftex
* paper: <default>
* layout: <same size as paper>
* layoutoffset:(h,v)=(0.0pt,0.0pt)
* modes: twoside 
* h-part:(L,W,R)=(108.405pt, 433.62001pt, 72.26999pt)
* v-part:(T,H,B)=(72.26999pt, 650.43001pt, 72.26999pt)
* \paperwidth=614.295pt
* \paperheight=794.96999pt
* \textwidth=433.62001pt
* \textheight=650.43001pt
* \oddsidemargin=36.13501pt
* \evensidemargin=0.0pt
* \topmargin=-30.06749pt
* \headheight=12.0pt
* \headsep=18.06749pt
* \topskip=10.0pt
* \footskip=25.29494pt
* \marginparwidth=125.0pt
* \marginparsep=7.0pt
* \columnsep=10.0pt
* \skip\footins=9.0pt plus 4.0pt minus 2.0pt
* \hoffset=0.0pt
* \voffset=0.0pt
* \mag=1000
* \@twocolumnfalse
* \@twosidetrue
* \@mparswitchtrue
* \@reversemarginfalse
* (1in=72.27pt=25.4mm, 1cm=28.453pt)

\AtBeginShipoutBox=\box30
Package hyperref Info: Link coloring ON on input line 19.
(/usr/share/texlive/texmf-dist/tex/latex/hyperref/nameref.sty
Package: nameref 2016/05/21 v2.44 Cross-referencing by name of section

(/usr/share/texlive/texmf-dist/tex/generic/oberdiek/gettitlestring.sty
Package: gettitlestring 2016/05/16 v1.5 Cleanup title references (HO)
)
\c@section@level=\count124
)
LaTeX Info: Redefining \ref on input line 19.
LaTeX Info: Redefining \pageref on input line 19.
LaTeX Info: Redefining \nameref on input line 19.

(./Thesis.out) (./Thesis.out)
\@outlinefile=\write3
\openout3 = `Thesis.out'.

LaTeX Font Info:    Try loading font information for U+msa on input line 20.

(/usr/share/texlive/texmf-dist/tex/latex/amsfonts/umsa.fd
File: umsa.fd 2013/01/14 v3.01 AMS symbols A
)
LaTeX Font Info:    Try loading font information for U+msb on input line 20.

(/usr/share/texlive/texmf-dist/tex/latex/amsfonts/umsb.fd
File: umsb.fd 2013/01/14 v3.01 AMS symbols B
) [1


{/var/lib/texmf/fonts/map/pdftex/updmap/pdftex.map}] [2] [3]
Underfull \hbox (badness 10000) in paragraph at lines 20--20
|\OT1/cmr/bx/n/14.4 Abstract|
 []

[1] [2] (./Thesis.toc [3

] [4])
\tf@toc=\write4
\openout4 = `Thesis.toc'.

 [5] [6

] (./Thesis.lot)
\tf@lot=\write5
\openout5 = `Thesis.lot'.

 [7] [8

] (./Thesis.lof
Underfull \vbox (badness 10000) has occurred while \output is active []

 [9]
Overfull \hbox (1.02158pt too wide) in paragraph at lines 17--17
 [][] [][][]\OT1/cmr/m/n/12 (left) CMD show-ing the pho-to-met-ric off-set be-t
ween the ACS and HUGS 
 []

[10]
LaTeX Font Info:    Try loading font information for OMS+cmr on input line 26.
 (/usr/share/texlive/texmf-dist/tex/latex/base/omscmr.fd
File: omscmr.fd 2014/09/29 v2.5h Standard LaTeX font definitions
)
LaTeX Font Info:    Font shape `OMS/cmr/m/n' in size <12> not available
(Font)              Font shape `OMS/cmsy/m/n' tried instead on input line 26.

Underfull \vbox (badness 10000) has occurred while \output is active []

 [11]
Underfull \vbox (badness 7613) has occurred while \output is active []

 [12]
Underfull \vbox (badness 1895) has occurred while \output is active []

 [13])
\tf@lof=\write6
\openout6 = `Thesis.lof'.


[14]pdfTeX warning (ext4): destination with the same identifier (name{page.1}) 
has been already used, duplicate ignored
<to be read again> 
                   \relax 
l.22 \part{Introduction}
                         [1

]pdfTeX warning (ext4): destination with the same identifier (name{page.2}) has
 been already used, duplicate ignored
<to be read again> 
                   \relax 
l.22 \part{Introduction}
                         [2] (./chapters/introduction/intro.tex
Chapter 1.
pdfTeX warning (ext4): destination with the same identifier (name{page.3}) has 
been already used, duplicate ignored
<to be read again> 
                   \relax 
l.38 
      [3

] [4] [5] [6

]
Chapter 2.
[7] [8

]
Chapter 3.

Underfull \vbox (badness 6300) has occurred while \output is active []

 [9]
[10]
Chapter 4.
[11

]) [12] [13

] [14] (./chapters/GCs/GC.tex
Chapter 5.
[15

] [16

]
Chapter 6.
[17] [18

]
Chapter 7.
(./chapters/ngc2808/ngc2808.tex (./chapters/ngc2808/subsections/intro.tex
[19]
Underfull \vbox (badness 10000) has occurred while \output is active []

 [20]
Underfull \vbox (badness 10000) has occurred while \output is active []

 [21])
(./chapters/ngc2808/subsections/observations.tex)
(./chapters/ngc2808/subsections/modeling.tex

LaTeX Warning: Float too large for page by 34.30235pt on input line 71.

[22] [23]) (./chapters/ngc2808/subsections/AtmopshericModels.tex [24]
<figures/ngc2808/notebookFigures/AtmosphereComparison.pdf, id=939, 704.53233pt 
x 607.4316pt>
File: figures/ngc2808/notebookFigures/AtmosphereComparison.pdf Graphic file (ty
pe pdf)
<use figures/ngc2808/notebookFigures/AtmosphereComparison.pdf>
Package pdftex.def Info: figures/ngc2808/notebookFigures/AtmosphereComparison.p
df  used on input line 39.
(pdftex.def)             Requested size: 216.81pt x 186.93008pt.
)
(./chapters/ngc2808/subsections/fidanka.tex [25 <./figures/ngc2808/notebookFigu
res/AtmosphereComparison.pdf>] [26]

Package natbib Warning: Citation `' on page 27 undefined on input line 45.

<figures/ngc2808/notebookFigures/DensityMapDemo.png, id=974, 899.7615pt x 601.2
864pt>
File: figures/ngc2808/notebookFigures/DensityMapDemo.png Graphic file (type png
)
<use figures/ngc2808/notebookFigures/DensityMapDemo.png>
Package pdftex.def Info: figures/ngc2808/notebookFigures/DensityMapDemo.png  us
ed on input line 57.
(pdftex.def)             Requested size: 390.25536pt x 260.79596pt.

Underfull \vbox (badness 2245) has occurred while \output is active []

 [27]
[28 <./figures/ngc2808/notebookFigures/DensityMapDemo.png>]
<figures/ngc2808/notebookFigures/DensityBinsDemo.png, id=989, 633.8079pt x 446.
6286pt>
File: figures/ngc2808/notebookFigures/DensityBinsDemo.png Graphic file (type pn
g)
<use figures/ngc2808/notebookFigures/DensityBinsDemo.png>
Package pdftex.def Info: figures/ngc2808/notebookFigures/DensityBinsDemo.png  u
sed on input line 80.
(pdftex.def)             Requested size: 195.12767pt x 137.49933pt.
<figures/ngc2808/BGMMMixingBin.pdf, id=997, 851.58667pt x 385.81227pt>
File: figures/ngc2808/BGMMMixingBin.pdf Graphic file (type pdf)
<use figures/ngc2808/BGMMMixingBin.pdf>
Package pdftex.def Info: figures/ngc2808/BGMMMixingBin.pdf  used on input line 
103.
(pdftex.def)             Requested size: 390.25536pt x 176.80467pt.

Underfull \vbox (badness 10000) has occurred while \output is active []

 [29 <./figures/ngc2808/notebookFigures/DensityBinsDemo.png>]
<figures/ngc2808/vertFit.png, id=1008, 630.55576pt x 1155.95865pt>
File: figures/ngc2808/vertFit.png Graphic file (type png)
<use figures/ngc2808/vertFit.png>
Package pdftex.def Info: figures/ngc2808/vertFit.png  used on input line 127.
(pdftex.def)             Requested size: 195.12767pt x 357.7085pt.

Underfull \vbox (badness 10000) has occurred while \output is active []

 [30 <./figures/ngc2808/BGMMMixingBin.pdf>] [31 <./figures/ngc2808/VertFit.png>
]
Underfull \vbox (badness 6204) has occurred while \output is active []

 [32]
<figures/ngc2808/ExtractedIsoFit.pdf, id=1047, 623.50385pt x 443.93193pt>
File: figures/ngc2808/ExtractedIsoFit.pdf Graphic file (type pdf)
<use figures/ngc2808/ExtractedIsoFit.pdf>
Package pdftex.def Info: figures/ngc2808/ExtractedIsoFit.pdf  used on input lin
e 193.
(pdftex.def)             Requested size: 195.12767pt x 138.92482pt.
<figures/ngc2808/DistributionOfErrors.pdf, id=1049, 617.28119pt x 603.58702pt>
File: figures/ngc2808/DistributionOfErrors.pdf Graphic file (type pdf)
<use figures/ngc2808/DistributionOfErrors.pdf>
Package pdftex.def Info: figures/ngc2808/DistributionOfErrors.pdf  used on inpu
t line 202.
(pdftex.def)             Requested size: 195.12767pt x 190.79404pt.
)
(./chapters/ngc2808/subsections/fitting.tex
Underfull \vbox (badness 10000) has occurred while \output is active []

 [33 <./figures/ngc2808/ExtractedIsoFit.pdf>]
<figures/ngc2808/BestFitResults.pdf, id=1068, 627.63138pt x 458.11752pt>
File: figures/ngc2808/BestFitResults.pdf Graphic file (type pdf)
<use figures/ngc2808/BestFitResults.pdf>
Package pdftex.def Info: figures/ngc2808/BestFitResults.pdf  used on input line
 18.
(pdftex.def)             Requested size: 390.25536pt x 284.85478pt.
 [34 <./figures/ngc2808/DistributionOfErrors.pdf>] [35 <./figures/ngc2808/BestF
itResults.pdf>]
<figures/ngc2808/ClusterAnalysis.pdf, id=1100, 614.79007pt x 443.93193pt>
File: figures/ngc2808/ClusterAnalysis.pdf Graphic file (type pdf)
<use figures/ngc2808/ClusterAnalysis.pdf>
Package pdftex.def Info: figures/ngc2808/ClusterAnalysis.pdf  used on input lin
e 55.
(pdftex.def)             Requested size: 195.12767pt x 140.89601pt.
 [36 <./figures/ngc2808/ClusterAnalysis.pdf>]
<figures/ngc2808/photometricOffset.pdf, id=1120, 1183.59634pt x 458.11752pt>
File: figures/ngc2808/photometricOffset.pdf Graphic file (type pdf)
<use figures/ngc2808/photometricOffset.pdf>
Package pdftex.def Info: figures/ngc2808/photometricOffset.pdf  used on input l
ine 80.
(pdftex.def)             Requested size: 390.25536pt x 151.05342pt.
<figures/ngc2808/HeliumMeanOffset.pdf, id=1122, 633.3489pt x 437.70929pt>
File: figures/ngc2808/HeliumMeanOffset.pdf Graphic file (type pdf)
<use figures/ngc2808/HeliumMeanOffset.pdf>
Package pdftex.def Info: figures/ngc2808/HeliumMeanOffset.pdf  used on input li
ne 94.
(pdftex.def)             Requested size: 195.12767pt x 134.8536pt.
) (./chapters/ngc2808/subsections/results.tex
Underfull \vbox (badness 10000) has occurred while \output is active []

 [37 <./figures/ngc2808/photometricOffset.pdf>]
File: figures/ngc2808/BestFitResults.pdf Graphic file (type pdf)
<use figures/ngc2808/BestFitResults.pdf>
Package pdftex.def Info: figures/ngc2808/BestFitResults.pdf  used on input line
 13.
(pdftex.def)             Requested size: 195.12767pt x 142.42738pt.

Underfull \vbox (badness 10000) has occurred while \output is active []

 [38 <./figures/ngc2808/HeliumMeanOffset.pdf>])
(./chapters/ngc2808/subsections/conclusion.tex)) [39] [40

]
Chapter 8.
) [41] [42

] [43] [44]
Chapter 9.
(./chapters/magActivity/magActivity.tex
(./chapters/magActivity/subsections/Introduction.tex

Package natbib Warning: Citation `Cha97' on page 45 undefined on input line 34.


[45

] [46]
Underfull \vbox (badness 10000) has occurred while \output is active []

 [47])
(./chapters/magActivity/subsections/Observations.tex [48])
(./chapters/magActivity/subsections/Analysis.tex
Overfull \hbox (11.85489pt too wide) in paragraph at lines 43--1
[]\OT1/cmr/m/n/12 Ultimately, two tar-gets (2MASS J16570570-0420559 and 2MASS J
04102815-5336078)
 []

[49]
<figures/magActivity/SIndexBandpass.pdf, id=1367, 912.13545pt x 446.35814pt>
File: figures/magActivity/SIndexBandpass.pdf Graphic file (type pdf)
<use figures/magActivity/SIndexBandpass.pdf>
Package pdftex.def Info: figures/magActivity/SIndexBandpass.pdf  used on input 
line 25.
(pdftex.def)             Requested size: 390.25536pt x 190.96992pt.
 [50 <./figures/magActivity/SIndexBandpass.pdf>]
Underfull \vbox (badness 2529) has occurred while \output is active []

 [51]
[52]) (./chapters/magActivity/subsections/Results.tex [53]

LaTeX Warning: No positions in optional float specifier.
               Default added (so using `tbp') on input line 40.

(./tables/magActivity/finalDataProducts.tex
Overfull \hbox (166.35228pt too wide) in paragraph at lines 1--62
 [][] 
 []

)

LaTeX Warning: Float too large for page by 114.16278pt on input line 50.

<figures/magActivity/RpHKvsR0_MC_justThisPaper.pdf, id=1465, 1325.66655pt x 612
.1776pt>
File: figures/magActivity/RpHKvsR0_MC_justThisPaper.pdf Graphic file (type pdf)

<use figures/magActivity/RpHKvsR0_MC_justThisPaper.pdf>
Package pdftex.def Info: figures/magActivity/RpHKvsR0_MC_justThisPaper.pdf  use
d on input line 53.
(pdftex.def)             Requested size: 390.25536pt x 180.20784pt.
<figures/magActivity/RpHKvsR0_MC.pdf, id=1466, 1315.57697pt x 612.1776pt>
File: figures/magActivity/RpHKvsR0_MC.pdf Graphic file (type pdf)
<use figures/magActivity/RpHKvsR0_MC.pdf>
Package pdftex.def Info: figures/magActivity/RpHKvsR0_MC.pdf  used on input lin
e 60.
(pdftex.def)             Requested size: 390.25536pt x 181.59032pt.
<figures/magActivity/RpHKvsR0_MC_fits.pdf, id=1479, 1435.15862pt x 612.1776pt>
File: figures/magActivity/RpHKvsR0_MC_fits.pdf Graphic file (type pdf)
<use figures/magActivity/RpHKvsR0_MC_fits.pdf>
Package pdftex.def Info: figures/magActivity/RpHKvsR0_MC_fits.pdf  used on inpu
t line 70.
(pdftex.def)             Requested size: 390.25536pt x 166.46713pt.
[54 <./figures/magActivity/RpHKvsR0_MC_justThisPaper.pdf>] [55] [56 <./figures/
magActivity/RpHKvsR0_MC.pdf> <./figures/magActivity/RpHKvsR0_MC_fits.pdf

pdfTeX warning: pdflatex (file ./figures/magActivity/RpHKvsR0_MC_fits.pdf): PDF
 inclusion: multiple pdfs with page group included in a single page
>] [57]
Underfull \vbox (badness 10000) has occurred while \output is active []

 [58]
Underfull \vbox (badness 10000) has occurred while \output is active []

 [59]
<figures/magActivity/B2020vsAD2016_Masses.pdf, id=1658, 782.41577pt x 448.4426p
t>
File: figures/magActivity/B2020vsAD2016_Masses.pdf Graphic file (type pdf)
<use figures/magActivity/B2020vsAD2016_Masses.pdf>
Package pdftex.def Info: figures/magActivity/B2020vsAD2016_Masses.pdf  used on 
input line 191.
(pdftex.def)             Requested size: 203.80193pt x 116.80444pt.
)
(./chapters/magActivity/subsections/Conclusions.tex)) [60 <./figures/magActivit
y/B2020vsAD2016_Masses.pdf>]
Chapter 10.
(./chapters/jaoOpacity/jaoOpacity.tex
(./chapters/jaoOpacity/subsections/intro.tex [61

])
(./chapters/jaoOpacity/subsections/JaoGap.tex
Underfull \vbox (badness 10000) has occurred while \output is active []

 [62]
<figures/jaoOpacity/JaoGapEDR3.png, id=1742, 627.0627pt x 621.2811pt>
File: figures/jaoOpacity/JaoGapEDR3.png Graphic file (type png)
<use figures/jaoOpacity/JaoGapEDR3.png>
Package pdftex.def Info: figures/jaoOpacity/JaoGapEDR3.png  used on input line 
30.
(pdftex.def)             Requested size: 195.12767pt x 193.3251pt.

[63]
<figures/jaoOpacity/Kippenhan.pdf, id=1759, 1090.36191pt x 464.12189pt>
File: figures/jaoOpacity/Kippenhan.pdf Graphic file (type pdf)
<use figures/jaoOpacity/Kippenhan.pdf>
Package pdftex.def Info: figures/jaoOpacity/Kippenhan.pdf  used on input line 5
9.
(pdftex.def)             Requested size: 411.93768pt x 175.34126pt.

Underfull \vbox (badness 1014) has occurred while \output is active []

 [64 <./figures/jaoOpacity/JaoGapEDR3.png>]) (./chapters/jaoOpacity/subsections
/opacity.tex
Underfull \vbox (badness 2165) has occurred while \output is active []

 [65 <./figures/jaoOpacity/Kippenhan.pdf>]
Overfull \hbox (9.57262pt too wide) in paragraph at lines 10--18
\OT1/cmr/m/n/12 Multiple groups have re-leased high-temperature opac-i-ties in-
clud-ing, the Opac-ity Project
 []

[66]
<figures/jaoOpacity/OpacityComparision.pdf, id=1844, 683.11987pt x 651.09698pt>

File: figures/jaoOpacity/OpacityComparision.pdf Graphic file (type pdf)
<use figures/jaoOpacity/OpacityComparision.pdf>
Package pdftex.def Info: figures/jaoOpacity/OpacityComparision.pdf  used on inp
ut line 48.
(pdftex.def)             Requested size: 195.12767pt x 185.98183pt.


Package natbib Warning: Citation `Boudreaux22' on page 67 undefined on input li
ne 75.

[67 <./figures/jaoOpacity/OpacityComparision.pdf>]
<figures/jaoOpacity/HRDiagramOPALvsOPLIB_SCCM.pdf, id=1875, 925.66647pt x 776.7
4934pt>
File: figures/jaoOpacity/HRDiagramOPALvsOPLIB_SCCM.pdf Graphic file (type pdf)
<use figures/jaoOpacity/HRDiagramOPALvsOPLIB_SCCM.pdf>
Package pdftex.def Info: figures/jaoOpacity/HRDiagramOPALvsOPLIB_SCCM.pdf  used
 on input line 107.
(pdftex.def)             Requested size: 195.12767pt x 163.72664pt.
 [68 <./figures/jaoOpacity/HRDiagramOPALvsOPLIB_SCCM.pdf>])
(./chapters/jaoOpacity/subsections/pytopsscrape.tex
LaTeX Font Info:    Font shape `OT1/cmtt/bx/n' in size <14.4> not available
(Font)              Font shape `OT1/cmtt/m/n' tried instead on input line 1.

Overfull \hbox (41.85522pt too wide) in paragraph at lines 18--18
[]\OT1/cmtt/m/n/12 $ generateTOPStables comp.dat rescalings.dat -d ./TOPSCache 
-o out.opac -j 20[] 
 []

) (./chapters/jaoOpacity/subsections/interp.tex

Package hyperref Warning: Token not allowed in a PDF string (PDFDocEncoding):
(hyperref)                removing `math shift' on input line 1.


Package hyperref Warning: Token not allowed in a PDF string (PDFDocEncoding):
(hyperref)                removing `\rho' on input line 1.


Package hyperref Warning: Token not allowed in a PDF string (PDFDocEncoding):
(hyperref)                removing `\rightarrow' on input line 1.


Package hyperref Warning: Token not allowed in a PDF string (PDFDocEncoding):
(hyperref)                removing `math shift' on input line 1.

[69]

Package natbib Warning: Citation `2020SciPy-NMeth' on page 70 undefined on inpu
t line 29.


Overfull \hbox (0.67586pt too wide) in paragraph at lines 28--36
[]\OT1/cmr/m/n/12 To pre-form this ro-ta-tion we use the \OT1/cmtt/m/n/12 inter
p2d \OT1/cmr/m/n/12 func-tion within \OT1/cmtt/m/n/12 scipy\OT1/cmr/m/n/12 's \
OT1/cmtt/m/n/12 interpolate
 []


Underfull \vbox (badness 7012) has occurred while \output is active []

 [70]
<figures/jaoOpacity/FractionalDifference.pdf, id=1914, 533.75356pt x 457.65639p
t>
File: figures/jaoOpacity/FractionalDifference.pdf Graphic file (type pdf)
<use figures/jaoOpacity/FractionalDifference.pdf>
Package pdftex.def Info: figures/jaoOpacity/FractionalDifference.pdf  used on i
nput line 54.
(pdftex.def)             Requested size: 195.12767pt x 167.30507pt.
)
(./chapters/jaoOpacity/subsections/Modeling.tex [71 <./figures/jaoOpacity/Fract
ionalDifference.pdf>]
<figures/jaoOpacity/OPALPunchIn.pdf, id=1952, 668.9019pt x 611.02657pt>
File: figures/jaoOpacity/OPALPunchIn.pdf Graphic file (type pdf)
<use figures/jaoOpacity/OPALPunchIn.pdf>
Package pdftex.def Info: figures/jaoOpacity/OPALPunchIn.pdf  used on input line
 39.
(pdftex.def)             Requested size: 195.12767pt x 178.24672pt.
<figures/jaoOpacity/OPLIBPunchIn.pdf, id=1953, 658.30984pt x 611.02657pt>
File: figures/jaoOpacity/OPLIBPunchIn.pdf Graphic file (type pdf)
<use figures/jaoOpacity/OPLIBPunchIn.pdf>
Package pdftex.def Info: figures/jaoOpacity/OPLIBPunchIn.pdf  used on input lin
e 40.
(pdftex.def)             Requested size: 195.12767pt x 181.10902pt.
 [72]
<figures/jaoOpacity/pdist.pdf, id=1968, 722.7pt x 722.7pt>
File: figures/jaoOpacity/pdist.pdf Graphic file (type pdf)
<use figures/jaoOpacity/pdist.pdf>
Package pdftex.def Info: figures/jaoOpacity/pdist.pdf  used on input line 73.
(pdftex.def)             Requested size: 195.12767pt x 195.12057pt.
 [73 <./figures/jaoOpacity/OPALPunchIn.pdf> <./figures/jaoOpacity/OPLIBPunchIn.
pdf

pdfTeX warning: pdflatex (file ./figures/jaoOpacity/OPLIBPunchIn.pdf): PDF incl
usion: multiple pdfs with page group included in a single page
>] [74 <./figures/jaoOpacity/pdist.pdf>]
<figures/jaoOpacity/OPALOPLIB_popsynth_compare.pdf, id=2039, 1251.48045pt x 476
.70503pt>
File: figures/jaoOpacity/OPALOPLIB_popsynth_compare.pdf Graphic file (type pdf)

<use figures/jaoOpacity/OPALOPLIB_popsynth_compare.pdf>
Package pdftex.def Info: figures/jaoOpacity/OPALOPLIB_popsynth_compare.pdf  use
d on input line 117.
(pdftex.def)             Requested size: 368.57965pt x 140.394pt.
 [75 <./figures/jaoOpacity/OPALOPLIB_popsynth_compare.pdf>]
<figures/jaoOpacity/./alphaMLComparisionCMD.pdf, id=2073, 648.7902pt x 450.1546
2pt>
File: figures/jaoOpacity/./alphaMLComparisionCMD.pdf Graphic file (type pdf)
<use figures/jaoOpacity/./alphaMLComparisionCMD.pdf>
Package pdftex.def Info: figures/jaoOpacity/./alphaMLComparisionCMD.pdf  used o
n input line 154.
(pdftex.def)             Requested size: 195.12767pt x 135.38399pt.
<figures/jaoOpacity/./MixingLengthScaling.pdf, id=2074, 672.9843pt x 450.15462p
t>
File: figures/jaoOpacity/./MixingLengthScaling.pdf Graphic file (type pdf)
<use figures/jaoOpacity/./MixingLengthScaling.pdf>
Package pdftex.def Info: figures/jaoOpacity/./MixingLengthScaling.pdf  used on 
input line 161.
(pdftex.def)             Requested size: 195.12767pt x 130.52089pt.

Underfull \vbox (badness 2582) has occurred while \output is active []

 [76 <./figures/jaoOpacity/./alphaMLComparisionCMD.pdf> <./figures/jaoOpacity/.
/MixingLengthScaling.pdf

pdfTeX warning: pdflatex (file ./figures/jaoOpacity/./MixingLengthScaling.pdf):
 PDF inclusion: multiple pdfs with page group included in a single page
>]) (./chapters/jaoOpacity/subsections/Results.tex

Package natbib Warning: Citation `2020SciPy-NMeth' on page 77 undefined on inpu
t line 8.

<figures/jaoOpacity/OPAL_Jao_locator.pdf, id=2108, 681.01828pt x 657.52058pt>
File: figures/jaoOpacity/OPAL_Jao_locator.pdf Graphic file (type pdf)
<use figures/jaoOpacity/OPAL_Jao_locator.pdf>
Package pdftex.def Info: figures/jaoOpacity/OPAL_Jao_locator.pdf  used on input
 line 13.
(pdftex.def)             Requested size: 195.12767pt x 188.38857pt.
<figures/jaoOpacity/OPLIB_Jao_locator.pdf, id=2109, 681.01828pt x 657.52058pt>
File: figures/jaoOpacity/OPLIB_Jao_locator.pdf Graphic file (type pdf)
<use figures/jaoOpacity/OPLIB_Jao_locator.pdf>
Package pdftex.def Info: figures/jaoOpacity/OPLIB_Jao_locator.pdf  used on inpu
t line 14.
(pdftex.def)             Requested size: 195.12767pt x 188.38857pt.
[77 <./figures/jaoOpacity/OPAL_Jao_locator.pdf> <./figures/jaoOpacity/OPLIB_Jao
_locator.pdf

pdfTeX warning: pdflatex (file ./figures/jaoOpacity/OPLIB_Jao_locator.pdf): PDF
 inclusion: multiple pdfs with page group included in a single page
>]
<figures/jaoOpacity/SameMassConvectiveZoneComp.pdf, id=2158, 650.56808pt x 618.
57545pt>
File: figures/jaoOpacity/SameMassConvectiveZoneComp.pdf Graphic file (type pdf)

<use figures/jaoOpacity/SameMassConvectiveZoneComp.pdf>
Package pdftex.def Info: figures/jaoOpacity/SameMassConvectiveZoneComp.pdf  use
d on input line 72.
(pdftex.def)             Requested size: 195.12767pt x 185.52687pt.
 [78]
Underfull \vbox (badness 10000) has occurred while \output is active []

 [79 <./figures/jaoOpacity/SameMassConvectiveZoneComp.pdf>]
<figures/jaoOpacity/Core3HECompSameMass.pdf, id=2181, 662.95078pt x 624.75449pt
>
File: figures/jaoOpacity/Core3HECompSameMass.pdf Graphic file (type pdf)
<use figures/jaoOpacity/Core3HECompSameMass.pdf>
Package pdftex.def Info: figures/jaoOpacity/Core3HECompSameMass.pdf  used on in
put line 111.
(pdftex.def)             Requested size: 195.12767pt x 183.88152pt.
)) [80 <./figures/jaoOpacity/Core3HECompSameMass.pdf>]
Chapter 11.
(./chapters/jaoMagActivity/jaoMagActivity.tex
(./chapters/jaoMagActivity/subsections/intro.tex [81

]
Underfull \vbox (badness 2205) has occurred while \output is active []

 [82])
(./chapters/jaoMagActivity/subsections/results.tex [83]
<figures/jaoMagActivity/Combined.pdf, id=2246, 639.99196pt x 437.70929pt>
File: figures/jaoMagActivity/Combined.pdf Graphic file (type pdf)
<use figures/jaoMagActivity/Combined.pdf>
Package pdftex.def Info: figures/jaoMagActivity/Combined.pdf  used on input lin
e 19.
(pdftex.def)             Requested size: 195.12767pt x 133.45103pt.
<figures/jaoMagActivity/Deviation.pdf, id=2257, 622.44894pt x 437.70929pt>
File: figures/jaoMagActivity/Deviation.pdf Graphic file (type pdf)
<use figures/jaoMagActivity/Deviation.pdf>
Package pdftex.def Info: figures/jaoMagActivity/Deviation.pdf  used on input li
ne 37.
(pdftex.def)             Requested size: 195.12767pt x 137.21126pt.
<figures/jaoMagActivity/fpDist.pdf, id=2258, 608.56743pt x 603.58702pt>
File: figures/jaoMagActivity/fpDist.pdf Graphic file (type pdf)
<use figures/jaoMagActivity/fpDist.pdf>
Package pdftex.def Info: figures/jaoMagActivity/fpDist.pdf  used on input line 
45.
(pdftex.def)             Requested size: 195.12767pt x 193.5294pt.

Underfull \vbox (badness 1048) has occurred while \output is active []

 [84 <./figures/jaoMagActivity/Combined.pdf>] [85 <./figures/jaoMagActivity/Dev
iation.pdf> <./figures/jaoMagActivity/fpDist.pdf

pdfTeX warning: pdflatex (file ./figures/jaoMagActivity/fpDist.pdf): PDF inclus
ion: multiple pdfs with page group included in a single page
>]
<figures/jaoMagActivity/ReducedDeviation.pdf, id=2302, 622.44894pt x 437.70929p
t>
File: figures/jaoMagActivity/ReducedDeviation.pdf Graphic file (type pdf)
<use figures/jaoMagActivity/ReducedDeviation.pdf>
Package pdftex.def Info: figures/jaoMagActivity/ReducedDeviation.pdf  used on i
nput line 79.
(pdftex.def)             Requested size: 195.12767pt x 137.21126pt.


Package natbib Warning: Citation `Feiden2022' on page 86 undefined on input lin
e 111.


Underfull \vbox (badness 1286) has occurred while \output is active []

 [86 <./figures/jaoMagActivity/ReducedDeviation.pdf>]
<figures/jaoMagActivity/GapLocationMC.pdf, id=2330, 622.44894pt x 437.70929pt>
File: figures/jaoMagActivity/GapLocationMC.pdf Graphic file (type pdf)
<use figures/jaoMagActivity/GapLocationMC.pdf>
Package pdftex.def Info: figures/jaoMagActivity/GapLocationMC.pdf  used on inpu
t line 119.
(pdftex.def)             Requested size: 195.12767pt x 137.21126pt.


Package natbib Warning: Citation `023AJ....165..192G' on page 87 undefined on i
nput line 130.


Underfull \vbox (badness 1062) has occurred while \output is active []

 [87]

Package natbib Warning: Citation `https://doi.org/10.5281/zenodo.7697238' on pa
ge 88 undefined on input line 150.


Package natbib Warning: Citation `SalvatierProbabilistic2016' on page 88 undefi
ned on input line 159.


Underfull \vbox (badness 4328) has occurred while \output is active []

 [88 <./figures/jaoMagActivity/GapLocationMC.pdf>])
(./chapters/jaoMagActivity/subsections/modeling.tex [89]
<figures/jaoMagActivity/Kippenhan_clamped.pdf, id=2381, 1034.60086pt x 450.0260
5pt>
File: figures/jaoMagActivity/Kippenhan_clamped.pdf Graphic file (type pdf)
<use figures/jaoMagActivity/Kippenhan_clamped.pdf>
Package pdftex.def Info: figures/jaoMagActivity/Kippenhan_clamped.pdf  used on 
input line 47.
(pdftex.def)             Requested size: 390.25536pt x 169.74817pt.

Underfull \vbox (badness 10000) has occurred while \output is active []

 [90]
<figures/jaoMagActivity/simpleBEvolution.pdf, id=2390, 628.67159pt x 446.88333p
t>
File: figures/jaoMagActivity/simpleBEvolution.pdf Graphic file (type pdf)
<use figures/jaoMagActivity/simpleBEvolution.pdf>
Package pdftex.def Info: figures/jaoMagActivity/simpleBEvolution.pdf  used on i
nput line 68.
(pdftex.def)             Requested size: 195.12767pt x 138.70287pt.

Underfull \vbox (badness 2980) has occurred while \output is active []

 [91 <./figures/jaoMagActivity/Kippenhan_clamped.pdf> <./figures/jaoMagActivity
/simpleBEvolution.pdf>]
<figures/jaoMagActivity/SpreadModel.pdf, id=2415, 631.1627pt x 437.70929pt>
File: figures/jaoMagActivity/SpreadModel.pdf Graphic file (type pdf)
<use figures/jaoMagActivity/SpreadModel.pdf>
Package pdftex.def Info: figures/jaoMagActivity/SpreadModel.pdf  used on input 
line 90.
(pdftex.def)             Requested size: 195.12767pt x 135.32114pt.
 [92 <./figures/jaoMagActivity/SpreadModel.pdf>])
(./chapters/jaoMagActivity/subsections/conclusion.tex [93])) [94] [95

] [96]
(./Thesis.bbl
Underfull \hbox (badness 1270) in paragraph at lines 77--80
[]\OT1/cmr/m/n/12 Barentsen, G., Hedges, C., Vin^^S^^Pcius, Z., et al. 2020, Ke
-p-lerGO/Lightkurve:
 []

[97

] [98] [99] [100] [101] [102] [103] [104] [105])

Package natbib Warning: There were undefined citations.

Package atveryend Info: Empty hook `BeforeClearDocument' on input line 45.
[106]
Package atveryend Info: Empty hook `AfterLastShipout' on input line 45.
 (./Thesis.aux)
Package atveryend Info: Executing hook `AtVeryEndDocument' on input line 45.
Package atveryend Info: Executing hook `AtEndAfterFileList' on input line 45.
Package rerunfilecheck Info: File `Thesis.out' has not changed.
(rerunfilecheck)             Checksum: 07331AAD24478813AA128C9B53FB678F;4222.


LaTeX Warning: There were multiply-defined labels.

Package atveryend Info: Empty hook `AtVeryVeryEnd' on input line 45.
 ) 
Here is how much of TeX's memory you used:
 9022 strings out of 492641
 134488 string characters out of 6131787
 287295 words of memory out of 5000000
 12228 multiletter control sequences out of 15000+600000
 14920 words of font info for 58 fonts, out of 8000000 for 9000
 1141 hyphenation exceptions out of 8191
 35i,11n,37p,1747b,738s stack positions out of 5000i,500n,10000p,200000b,80000s
</usr/share/texlive/texmf-dist/fonts/type1/public/amsfonts/cm/cmbx12.pfb></us
r/share/texlive/texmf-dist/fonts/type1/public/amsfonts/cm/cmbxti10.pfb></usr/sh
are/texlive/texmf-dist/fonts/type1/public/amsfonts/cm/cmex10.pfb></usr/share/te
xlive/texmf-dist/fonts/type1/public/amsfonts/cmextra/cmex7.pfb></usr/share/texl
ive/texmf-dist/fonts/type1/public/amsfonts/cm/cmmi10.pfb></usr/share/texlive/te
xmf-dist/fonts/type1/public/amsfonts/cm/cmmi12.pfb></usr/share/texlive/texmf-di
st/fonts/type1/public/amsfonts/cm/cmmi5.pfb></usr/share/texlive/texmf-dist/font
s/type1/public/amsfonts/cm/cmmi6.pfb></usr/share/texlive/texmf-dist/fonts/type1
/public/amsfonts/cm/cmmi7.pfb></usr/share/texlive/texmf-dist/fonts/type1/public
/amsfonts/cm/cmmi8.pfb></usr/share/texlive/texmf-dist/fonts/type1/public/amsfon
ts/cm/cmr10.pfb></usr/share/texlive/texmf-dist/fonts/type1/public/amsfonts/cm/c
mr12.pfb></usr/share/texlive/texmf-dist/fonts/type1/public/amsfonts/cm/cmr17.pf
b></usr/share/texlive/texmf-dist/fonts/type1/public/amsfonts/cm/cmr5.pfb></usr/
share/texlive/texmf-dist/fonts/type1/public/amsfonts/cm/cmr6.pfb></usr/share/te
xlive/texmf-dist/fonts/type1/public/amsfonts/cm/cmr7.pfb></usr/share/texlive/te
xmf-dist/fonts/type1/public/amsfonts/cm/cmr8.pfb></usr/share/texlive/texmf-dist
/fonts/type1/public/amsfonts/cm/cmsl12.pfb></usr/share/texlive/texmf-dist/fonts
/type1/public/amsfonts/cm/cmsltt10.pfb></usr/share/texlive/texmf-dist/fonts/typ
e1/public/amsfonts/cm/cmsy10.pfb></usr/share/texlive/texmf-dist/fonts/type1/pub
lic/amsfonts/cm/cmsy5.pfb></usr/share/texlive/texmf-dist/fonts/type1/public/ams
fonts/cm/cmsy7.pfb></usr/share/texlive/texmf-dist/fonts/type1/public/amsfonts/c
m/cmsy8.pfb></usr/share/texlive/texmf-dist/fonts/type1/public/amsfonts/cm/cmti1
2.pfb></usr/share/texlive/texmf-dist/fonts/type1/public/amsfonts/cm/cmtt12.pfb>
</usr/share/texlive/texmf-dist/fonts/type1/public/amsfonts/symbols/msam10.pfb>
Output written on Thesis.pdf (123 pages, 11446406 bytes).
PDF statistics:
 2678 PDF objects out of 2984 (max. 8388607)
 2400 compressed objects within 24 object streams
 439 named destinations out of 1000 (max. 500000)
 684 words of extra memory for PDF output out of 10000 (max. 10000000)

